<?xml version="1.0" encoding="UTF-8"?>
<!-- Generated by org.testng.reporters.JUnitReportReporter -->
<testsuite hostname="DESKTOP-E5GIE34" failures="0" tests="1" name="TestNG_Learning.TestCase1_Annotations" time="0.049" errors="0" timestamp="2022-05-07T20:40:51 IST" skipped="0">
  <testcase classname="TestNG_Learning.TestCase1_Annotations" name="doLogin1" time="0.049"/>
  <system-out>
    <![CDATA[Inside doLogin Method logging]]>
  </system-out>
</testsuite> <!-- TestNG_Learning.TestCase1_Annotations -->
