<?xml version="1.0" encoding="UTF-8"?>
<!-- Generated by org.testng.reporters.JUnitReportReporter -->
<testsuite hostname="DESKTOP-E5GIE34" failures="0" tests="4" name="TestNG_Learning.TestParameterization" time="14.758" errors="0" timestamp="2022-05-31T07:13:00 IST" skipped="0">
  <testcase classname="TestNG_Learning.TestParameterization" name="doLogin" time="6.300"/>
  <system-out/>
  <testcase classname="TestNG_Learning.TestParameterization" name="doLogin" time="2.075"/>
  <system-out/>
  <testcase classname="TestNG_Learning.TestParameterization" name="doLogin" time="3.808"/>
  <system-out/>
  <testcase classname="TestNG_Learning.TestParameterization" name="doLogin" time="2.575"/>
  <system-out/>
</testsuite> <!-- TestNG_Learning.TestParameterization -->
