<?xml version="1.0" encoding="UTF-8"?>
<!-- Generated by org.testng.reporters.JUnitReportReporter -->
<testsuite hostname="PARIGI-2-DA" failures="0" tests="1" name="TestNG_Learning.TestCase1_Annotations" time="0.008" errors="0" timestamp="2022-04-27T16:19:49 IST" skipped="0">
  <testcase classname="TestNG_Learning.TestCase1_Annotations" name="doLogin1" time="0.008"/>
  <system-out>
    <![CDATA[Inside doLogin Method logging]]>
  </system-out>
</testsuite> <!-- TestNG_Learning.TestCase1_Annotations -->
