<?xml version="1.0" encoding="UTF-8"?>
<!-- Generated by org.testng.reporters.JUnitReportReporter -->
<testsuite hostname="DESKTOP-E5GIE34" failures="0" tests="4" name="TestNG_Learning.TestParameterization" time="8.115" errors="0" timestamp="2022-05-07T20:40:51 IST" skipped="0">
  <testcase classname="TestNG_Learning.TestParameterization" name="doLogin" time="1.766"/>
  <system-out/>
  <testcase classname="TestNG_Learning.TestParameterization" name="doLogin" time="1.123"/>
  <system-out/>
  <testcase classname="TestNG_Learning.TestParameterization" name="doLogin" time="1.123"/>
  <system-out/>
  <testcase classname="TestNG_Learning.TestParameterization" name="doLogin" time="4.103"/>
  <system-out/>
</testsuite> <!-- TestNG_Learning.TestParameterization -->
