<?xml version="1.0" encoding="UTF-8"?>
<!-- Generated by org.testng.reporters.JUnitReportReporter -->
<testsuite hostname="DESKTOP-E5GIE34" failures="0" tests="2" name="TestNG_Learning.TestCase1" time="0.016" errors="0" timestamp="2022-04-26T21:08:58 IST" skipped="0">
  <testcase classname="TestNG_Learning.TestCase1" name="doUserReg" time="0.012"/>
  <system-out/>
  <testcase classname="TestNG_Learning.TestCase1" name="doLogin" time="0.004"/>
  <system-out/>
</testsuite> <!-- TestNG_Learning.TestCase1 -->
