<?xml version="1.0" encoding="UTF-8"?>
<!-- Generated by org.testng.reporters.JUnitReportReporter -->
<testsuite hostname="PARIGI-2OFFICE" failures="0" tests="1" name="TestNG_Learning.TestCase1_Annotations" time="0.009" errors="0" timestamp="2022-05-12T16:50:00 IST" skipped="0">
  <testcase classname="TestNG_Learning.TestCase1_Annotations" name="doLogin1" time="0.009"/>
  <system-out>
    <![CDATA[Inside doLogin Method logging]]>
  </system-out>
</testsuite> <!-- TestNG_Learning.TestCase1_Annotations -->
